2024.08.05 10:43:55 INFO  Started: Metals version 0.11.11 in workspace '/Users/joonhohwangbo/Desktop/UCB-BAR/coding/blif-parser/emulator' for client Neovim 0.10.1.[0m
SLF4J: No SLF4J providers were found.
SLF4J: Defaulting to no-operation (NOP) logger implementation
SLF4J: See https://www.slf4j.org/codes.html#noProviders for further details.
SLF4J: Class path contains SLF4J bindings targeting slf4j-api versions 1.7.x or earlier.
SLF4J: Ignoring binding found at [jar:file:/Users/joonhohwangbo/Library/Caches/Coursier/v1/https/repo1.maven.org/maven2/com/outr/scribe-slf4j_2.13/3.11.0/scribe-slf4j_2.13-3.11.0.jar!/org/slf4j/impl/StaticLoggerBinder.class]
SLF4J: See https://www.slf4j.org/codes.html#ignoredBindings for an explanation.
2024.08.05 10:43:56 INFO  time: initialize in 0.34s[0m
2024.08.05 10:43:56 WARN  Build server is not auto-connectable.[0m
2024.08.05 10:43:56 INFO  Selected port 5031[0m
2024.08.05 10:43:56 WARN  no build target for: /Users/joonhohwangbo/Desktop/UCB-BAR/coding/blif-parser/emulator/build.sc[0m
Aug 05, 2024 10:43:56 AM io.undertow.Undertow start
INFO: starting server: Undertow - 2.2.20.Final
Aug 05, 2024 10:43:56 AM org.xnio.Xnio <clinit>
INFO: XNIO version 3.8.8.Final
Aug 05, 2024 10:43:56 AM org.xnio.nio.NioXnio <clinit>
INFO: XNIO NIO Implementation Version 3.8.8.Final
Aug 05, 2024 10:43:56 AM org.jboss.threads.Version <clinit>
INFO: JBoss Threads version 3.1.0.Final
2024.08.05 10:43:56 INFO  Started Metals http server at http://127.0.0.1:5031[0m
2024.08.05 10:43:57 INFO  no build target found for /Users/joonhohwangbo/Desktop/UCB-BAR/coding/blif-parser/emulator/build.sc. Using presentation compiler with project's scala-library version: 3.2.2[0m
2024.08.05 10:44:22 INFO  Shutting down server[0m
2024.08.05 10:44:22 INFO  shutting down Metals[0m
Aug 05, 2024 10:44:22 AM io.undertow.Undertow stop
INFO: stopping server: Undertow - 2.2.20.Final
2024.08.05 10:44:31 INFO  Started: Metals version 0.11.11 in workspace '/Users/joonhohwangbo/Desktop/UCB-BAR/coding/blif-parser/emulator' for client Neovim 0.10.1.[0m
SLF4J: No SLF4J providers were found.
SLF4J: Defaulting to no-operation (NOP) logger implementation
SLF4J: See https://www.slf4j.org/codes.html#noProviders for further details.
SLF4J: Class path contains SLF4J bindings targeting slf4j-api versions 1.7.x or earlier.
SLF4J: Ignoring binding found at [jar:file:/Users/joonhohwangbo/Library/Caches/Coursier/v1/https/repo1.maven.org/maven2/com/outr/scribe-slf4j_2.13/3.11.0/scribe-slf4j_2.13-3.11.0.jar!/org/slf4j/impl/StaticLoggerBinder.class]
SLF4J: See https://www.slf4j.org/codes.html#ignoredBindings for an explanation.
2024.08.05 10:44:31 INFO  time: initialize in 0.31s[0m
2024.08.05 10:44:31 WARN  Build server is not auto-connectable.[0m
2024.08.05 10:44:31 INFO  Selected port 5031[0m
2024.08.05 10:44:31 WARN  no build target for: /Users/joonhohwangbo/Desktop/UCB-BAR/coding/blif-parser/emulator/src/main.scala[0m
Aug 05, 2024 10:44:31 AM io.undertow.Undertow start
INFO: starting server: Undertow - 2.2.20.Final
Aug 05, 2024 10:44:31 AM org.xnio.Xnio <clinit>
INFO: XNIO version 3.8.8.Final
Aug 05, 2024 10:44:31 AM org.xnio.nio.NioXnio <clinit>
INFO: XNIO NIO Implementation Version 3.8.8.Final
2024.08.05 10:44:31 INFO  skipping build import with status 'Dismissed'[0m
Aug 05, 2024 10:44:31 AM org.jboss.threads.Version <clinit>
INFO: JBoss Threads version 3.1.0.Final
2024.08.05 10:44:31 INFO  Started Metals http server at http://127.0.0.1:5031[0m
2024.08.05 10:44:32 INFO  no build target found for /Users/joonhohwangbo/Desktop/UCB-BAR/coding/blif-parser/emulator/src/main.scala. Using presentation compiler with project's scala-library version: 3.2.2[0m
2024.08.05 10:44:44 WARN  no build target for: /Users/joonhohwangbo/Desktop/UCB-BAR/coding/blif-parser/emulator/src/main.scala[0m
2024.08.05 10:45:07 WARN  no build target for: /Users/joonhohwangbo/Desktop/UCB-BAR/coding/blif-parser/emulator/src/main.scala[0m
2024.08.05 10:47:10 WARN  no build target for: /Users/joonhohwangbo/Desktop/UCB-BAR/coding/blif-parser/emulator/build.sc[0m
2024.08.05 10:47:15 WARN  no build target for: /Users/joonhohwangbo/Desktop/UCB-BAR/coding/blif-parser/emulator/build.sc[0m
2024.08.05 10:47:18 INFO  running '/Users/joonhohwangbo/Desktop/UCB-BAR/coding/blif-parser/emulator/.metals/millw --mill-version 0.10.11 --import ivy:com.lihaoyi::mill-contrib-bloop: mill.contrib.Bloop/install'[0m
2024.08.05 10:47:20 INFO  Compiling (synthetic)/ammonite/predef/CodePredef.sc[0m
2024.08.05 10:47:20 INFO  scala.reflect.internal.FatalError: [0m
2024.08.05 10:47:20 INFO    bad constant pool index: 0 at pos: 49176[0m
2024.08.05 10:47:20 INFO       while compiling: <no file>[0m
2024.08.05 10:47:20 INFO          during phase: globalPhase=<no phase>, enteringPhase=<some phase>[0m
2024.08.05 10:47:20 INFO       library version: version 2.13.10[0m
2024.08.05 10:47:20 INFO      compiler version: version 2.13.10[0m
2024.08.05 10:47:20 INFO    reconstructed args: -nowarn -Xmaxwarns 0 -Yresolve-term-conflict:object[0m
2024.08.05 10:47:20 INFO  [0m
2024.08.05 10:47:20 INFO    last tree to typer: EmptyTree[0m
2024.08.05 10:47:20 INFO         tree position: <unknown>[0m
2024.08.05 10:47:20 INFO              tree tpe: <notype>[0m
2024.08.05 10:47:20 INFO                symbol: null[0m
2024.08.05 10:47:20 INFO             call site: <none> in <none>[0m
2024.08.05 10:47:20 INFO  [0m
2024.08.05 10:47:20 INFO  == Source file context for tree position ==[0m
2024.08.05 10:47:20 INFO  [0m
2024.08.05 10:47:20 INFO  [0m
2024.08.05 10:47:20 INFO    scala.reflect.internal.Reporting.abort(Reporting.scala:69)[0m
2024.08.05 10:47:20 INFO    scala.reflect.internal.Reporting.abort$(Reporting.scala:65)[0m
2024.08.05 10:47:20 INFO    scala.reflect.internal.SymbolTable.abort(SymbolTable.scala:28)[0m
2024.08.05 10:47:20 INFO    scala.tools.nsc.symtab.classfile.ClassfileParser$ConstantPool.errorBadIndex(ClassfileParser.scala:408)[0m
2024.08.05 10:47:20 INFO    scala.tools.nsc.symtab.classfile.ClassfileParser$ConstantPool.getExternalName(ClassfileParser.scala:263)[0m
2024.08.05 10:47:20 INFO    scala.tools.nsc.symtab.classfile.ClassfileParser.readParamNames$1(ClassfileParser.scala:842)[0m
2024.08.05 10:47:20 INFO    scala.tools.nsc.symtab.classfile.ClassfileParser.parseAttribute$1(ClassfileParser.scala:848)[0m
2024.08.05 10:47:20 INFO    scala.tools.nsc.symtab.classfile.ClassfileParser.$anonfun$parseAttributes$6(ClassfileParser.scala:925)[0m
2024.08.05 10:47:20 INFO    scala.tools.nsc.symtab.classfile.ClassfileParser.parseAttributes(ClassfileParser.scala:1497)[0m
2024.08.05 10:47:20 INFO    scala.tools.nsc.symtab.classfile.ClassfileParser.parseMethod(ClassfileParser.scala:625)[0m
2024.08.05 10:47:20 INFO    scala.tools.nsc.symtab.classfile.ClassfileParser.parseClass(ClassfileParser.scala:548)[0m
2024.08.05 10:47:20 INFO    scala.tools.nsc.symtab.classfile.ClassfileParser.$anonfun$parse$2(ClassfileParser.scala:175)[0m
2024.08.05 10:47:20 INFO    scala.tools.nsc.symtab.classfile.ClassfileParser.$anonfun$parse$1(ClassfileParser.scala:160)[0m
2024.08.05 10:47:20 INFO    scala.tools.nsc.symtab.classfile.ClassfileParser.parse(ClassfileParser.scala:143)[0m
2024.08.05 10:47:20 INFO    scala.tools.nsc.symtab.SymbolLoaders$ClassfileLoader.doComplete(SymbolLoaders.scala:342)[0m
2024.08.05 10:47:20 INFO    scala.tools.nsc.symtab.SymbolLoaders$SymbolLoader.$anonfun$complete$2(SymbolLoaders.scala:249)[0m
2024.08.05 10:47:20 INFO    scala.tools.nsc.symtab.SymbolLoaders$SymbolLoader.complete(SymbolLoaders.scala:247)[0m
2024.08.05 10:47:20 INFO    scala.reflect.internal.Symbols$Symbol.completeInfo(Symbols.scala:1563)[0m
2024.08.05 10:47:20 INFO    scala.reflect.internal.Symbols$Symbol.info(Symbols.scala:1535)[0m
2024.08.05 10:47:20 INFO    scala.reflect.internal.Definitions.scala$reflect$internal$Definitions$$enterNewMethod(Definitions.scala:48)[0m
2024.08.05 10:47:20 INFO    scala.reflect.internal.Definitions$DefinitionsClass.String_$plus$lzycompute(Definitions.scala:1261)[0m
2024.08.05 10:47:20 INFO    scala.reflect.internal.Definitions$DefinitionsClass.String_$plus(Definitions.scala:1261)[0m
2024.08.05 10:47:20 INFO    scala.reflect.internal.Definitions$DefinitionsClass.syntheticCoreMethods$lzycompute(Definitions.scala:1583)[0m
2024.08.05 10:47:20 INFO    scala.reflect.internal.Definitions$DefinitionsClass.syntheticCoreMethods(Definitions.scala:1565)[0m
2024.08.05 10:47:20 INFO    scala.reflect.internal.Definitions$DefinitionsClass.symbolsNotPresentInBytecode$lzycompute(Definitions.scala:1596)[0m
2024.08.05 10:47:20 INFO    scala.reflect.internal.Definitions$DefinitionsClass.symbolsNotPresentInBytecode(Definitions.scala:1596)[0m
2024.08.05 10:47:20 INFO    scala.reflect.internal.Definitions$DefinitionsClass.init(Definitions.scala:1652)[0m
2024.08.05 10:47:20 INFO    scala.tools.nsc.Global$Run.<init>(Global.scala:1236)[0m
2024.08.05 10:47:20 INFO    ammonite.compiler.Compiler$$anon$1.<init>(Compiler.scala:243)[0m
2024.08.05 10:47:20 INFO    ammonite.compiler.Compiler$.apply(Compiler.scala:108)[0m
2024.08.05 10:47:20 INFO    ammonite.compiler.CompilerLifecycleManager.init(CompilerLifecycleManager.scala:96)[0m
2024.08.05 10:47:20 INFO    ammonite.compiler.CompilerLifecycleManager.preprocess(CompilerLifecycleManager.scala:64)[0m
2024.08.05 10:47:20 INFO    ammonite.interp.Interpreter.compileRunBlock$1(Interpreter.scala:526)[0m
2024.08.05 10:47:20 INFO    ammonite.interp.Interpreter.$anonfun$processAllScriptBlocks$15(Interpreter.scala:587)[0m
2024.08.05 10:47:20 INFO    ammonite.util.Res$Success.flatMap(Res.scala:62)[0m
2024.08.05 10:47:20 INFO    ammonite.interp.Interpreter.$anonfun$processAllScriptBlocks$14(Interpreter.scala:584)[0m
2024.08.05 10:47:20 INFO    ammonite.util.Res$Success.flatMap(Res.scala:62)[0m
2024.08.05 10:47:20 INFO    ammonite.interp.Interpreter.$anonfun$processAllScriptBlocks$12(Interpreter.scala:581)[0m
2024.08.05 10:47:20 INFO    scala.Option.getOrElse(Option.scala:201)[0m
2024.08.05 10:47:20 INFO    ammonite.interp.Interpreter.loop$1(Interpreter.scala:581)[0m
2024.08.05 10:47:20 INFO    ammonite.interp.Interpreter.processAllScriptBlocks(Interpreter.scala:619)[0m
2024.08.05 10:47:20 INFO    ammonite.interp.Interpreter.$anonfun$processModule$6(Interpreter.scala:414)[0m
2024.08.05 10:47:20 INFO    ammonite.util.Catching.flatMap(Res.scala:115)[0m
2024.08.05 10:47:20 INFO    ammonite.interp.Interpreter.$anonfun$processModule$5(Interpreter.scala:405)[0m
2024.08.05 10:47:20 INFO    ammonite.util.Res$Success.flatMap(Res.scala:62)[0m
2024.08.05 10:47:20 INFO    ammonite.interp.Interpreter.processModule(Interpreter.scala:395)[0m
2024.08.05 10:47:20 INFO    ammonite.interp.Interpreter.$anonfun$initializePredef$3(Interpreter.scala:148)[0m
2024.08.05 10:47:20 INFO    ammonite.interp.Interpreter.$anonfun$initializePredef$3$adapted(Interpreter.scala:148)[0m
2024.08.05 10:47:20 INFO    ammonite.interp.PredefInitialization$.$anonfun$apply$2(PredefInitialization.scala:79)[0m
2024.08.05 10:47:20 INFO    ammonite.util.Res$.$anonfun$fold$1(Res.scala:32)[0m
2024.08.05 10:47:20 INFO    scala.collection.LinearSeqOps.foldLeft(LinearSeq.scala:183)[0m
2024.08.05 10:47:20 INFO    scala.collection.LinearSeqOps.foldLeft$(LinearSeq.scala:179)[0m
2024.08.05 10:47:20 INFO    scala.collection.immutable.List.foldLeft(List.scala:79)[0m
2024.08.05 10:47:20 INFO    ammonite.util.Res$.fold(Res.scala:30)[0m
2024.08.05 10:47:20 INFO    ammonite.interp.PredefInitialization$.apply(PredefInitialization.scala:67)[0m
2024.08.05 10:47:20 INFO    ammonite.interp.Interpreter.initializePredef(Interpreter.scala:150)[0m
2024.08.05 10:47:20 INFO    ammonite.Main.$anonfun$instantiateInterpreter$1(Main.scala:202)[0m
2024.08.05 10:47:20 INFO    scala.util.Either$RightProjection.flatMap(Either.scala:757)[0m
2024.08.05 10:47:20 INFO    ammonite.Main.instantiateInterpreter(Main.scala:159)[0m
2024.08.05 10:47:20 INFO    mill.main.MainRunner.$anonfun$runScript$2(MainRunner.scala:111)[0m
2024.08.05 10:47:20 INFO    mill.main.RunScript$.runScript(RunScript.scala:66)[0m
2024.08.05 10:47:20 INFO    mill.main.MainRunner.$anonfun$runScript$1(MainRunner.scala:119)[0m
2024.08.05 10:47:20 INFO    mill.main.MainRunner.watchLoop2(MainRunner.scala:67)[0m
2024.08.05 10:47:20 INFO    mill.main.MainRunner.runScript(MainRunner.scala:92)[0m
2024.08.05 10:47:20 INFO    mill.MillMain$.main0(MillMain.scala:320)[0m
2024.08.05 10:47:20 INFO    mill.main.MillServerMain$.main0(MillServerMain.scala:79)[0m
2024.08.05 10:47:20 INFO    mill.main.Server.$anonfun$handleRun$1(MillServerMain.scala:184)[0m
2024.08.05 10:47:20 INFO    java.lang.Thread.run(Thread.java:1570)[0m
2024.08.05 10:47:20 INFO  java.lang.UnsupportedOperationException[0m
2024.08.05 10:47:20 INFO  	at java.base/java.lang.Thread.stop(Thread.java:1654)[0m
2024.08.05 10:47:20 INFO  	at mill.main.Server.handleRun(MillServerMain.scala:209)[0m
2024.08.05 10:47:20 INFO  	at mill.main.Server.$anonfun$run$2(MillServerMain.scala:117)[0m
2024.08.05 10:47:20 INFO  	at scala.runtime.java8.JFunction0$mcV$sp.apply(JFunction0$mcV$sp.scala:18)[0m
2024.08.05 10:47:20 INFO  	at mill.main.Server$.lockBlock(MillServerMain.scala:227)[0m
2024.08.05 10:47:20 INFO  	at mill.main.Server.$anonfun$run$1(MillServerMain.scala:98)[0m
2024.08.05 10:47:20 INFO  	at scala.runtime.java8.JFunction0$mcV$sp.apply(JFunction0$mcV$sp.scala:18)[0m
2024.08.05 10:47:20 INFO  	at mill.main.Server$.tryLockBlock(MillServerMain.scala:235)[0m
2024.08.05 10:47:20 INFO  	at mill.main.Server.run(MillServerMain.scala:95)[0m
2024.08.05 10:47:20 INFO  	at mill.main.MillServerMain$.main(MillServerMain.scala:53)[0m
2024.08.05 10:47:20 INFO  	at mill.main.MillServerMain.main(MillServerMain.scala)[0m
2024.08.05 10:47:21 INFO  time: ran 'mill bloopInstall' in 2.18s[0m
2024.08.05 10:47:21 ERROR Mill command failed: /Users/joonhohwangbo/Desktop/UCB-BAR/coding/blif-parser/emulator/.metals/millw --mill-version 0.10.11 --import ivy:com.lihaoyi::mill-contrib-bloop: mill.contrib.Bloop/install[0m
2024.08.05 10:55:14 WARN  no build target for: /Users/joonhohwangbo/Desktop/UCB-BAR/coding/blif-parser/emulator/src/main.scala[0m
2024.08.05 10:55:17 WARN  no build target for: /Users/joonhohwangbo/Desktop/UCB-BAR/coding/blif-parser/emulator/src/main.scala[0m
2024.08.05 10:57:51 WARN  no build target for: /Users/joonhohwangbo/Desktop/UCB-BAR/coding/blif-parser/emulator/build.sc[0m
2024.08.05 10:57:54 INFO  running '/Users/joonhohwangbo/Desktop/UCB-BAR/coding/blif-parser/emulator/.metals/millw --mill-version 0.11.7 --import ivy:com.lihaoyi::mill-contrib-bloop: mill.contrib.Bloop/install'[0m
2024.08.05 10:57:54 INFO  [build.sc] [1/53] scriptSources [0m
2024.08.05 10:57:54 INFO  [build.sc] [2/53] parseBuildFiles [0m
2024.08.05 10:57:54 INFO  [build.sc] [3/53] cliImports [0m
2024.08.05 10:57:54 INFO  [build.sc] [4/53] runIvyDeps [0m
2024.08.05 10:57:54 INFO  [build.sc] [7/53] ivyDeps [0m
2024.08.05 10:57:54 INFO  [build.sc] [13/53] resolvedRunIvyDeps [0m
2024.08.05 10:57:54 INFO  [build.sc] [15/53] compileResources [0m
2024.08.05 10:57:54 INFO  [build.sc] [16/53] enclosingClasspath [0m
2024.08.05 10:57:54 INFO  [build.sc] [17/53] lineNumberPluginClasspath [0m
2024.08.05 10:57:54 INFO  [build.sc] [20/53] resources.super.mill.scalalib.JavaModule.resources [0m
2024.08.05 10:57:54 INFO  [build.sc] [21/53] resources [0m
2024.08.05 10:57:54 INFO  [build.sc] [23/53] mill.scalalib.ZincWorkerModule.zincLogDebug [0m
2024.08.05 10:57:54 INFO  [build.sc] [26/53] sources.super.mill.scalalib.JavaModule.sources [0m
2024.08.05 10:57:54 INFO  [build.sc] [27/53] sources [0m
2024.08.05 10:57:54 INFO  [build.sc] [28/53] generateScriptSources [0m
2024.08.05 10:57:54 INFO  [build.sc] [29/53] generatedSources [0m
2024.08.05 10:57:54 INFO  [build.sc] [30/53] allSources [0m
2024.08.05 10:57:54 INFO  [build.sc] [31/53] allSourceFiles [0m
2024.08.05 10:57:54 INFO  [build.sc] [34/53] resolvedIvyDeps [0m
2024.08.05 10:57:54 INFO  [build.sc] [40/53] enablePluginScalacOptions.super.mill.scalalib.ScalaModule.enablePluginScalacOptions [0m
2024.08.05 10:57:54 INFO  [build.sc] [44/53] scalaCompilerClasspath [0m
2024.08.05 10:57:54 INFO  [build.sc] [45/53] scalacPluginClasspath.super.mill.scalalib.ScalaModule.scalacPluginClasspath [0m
2024.08.05 10:57:54 INFO  [build.sc] [47/53] zincReportCachedProblems [0m
2024.08.05 10:57:54 INFO  [build.sc] [49/53] compile [0m
2024.08.05 10:57:54 INFO  [info] compiling 1 Scala source to /Users/joonhohwangbo/Desktop/UCB-BAR/coding/blif-parser/emulator/out/mill-build/compile.dest/classes ...[0m
2024.08.05 10:57:55 INFO  [error] /Users/joonhohwangbo/Desktop/UCB-BAR/coding/blif-parser/emulator/build.sc:25:23: not found: type SbtModuleTests[0m
2024.08.05 10:57:55 INFO  [error]   object test extends SbtModuleTests with TestModule.ScalaTest {[0m
2024.08.05 10:57:55 INFO  [error]                       ^[0m
2024.08.05 10:57:55 INFO  [error] one error found[0m
2024.08.05 10:57:55 INFO  1 targets failed[0m
2024.08.05 10:57:55 INFO  compile Compilation failed[0m
2024.08.05 10:57:56 INFO  time: ran 'mill bloopInstall' in 1.77s[0m
2024.08.05 10:57:56 ERROR Mill command failed: /Users/joonhohwangbo/Desktop/UCB-BAR/coding/blif-parser/emulator/.metals/millw --mill-version 0.11.7 --import ivy:com.lihaoyi::mill-contrib-bloop: mill.contrib.Bloop/install[0m
2024.08.05 10:57:59 WARN  no build target for: /Users/joonhohwangbo/Desktop/UCB-BAR/coding/blif-parser/emulator/build.sc[0m
2024.08.05 10:58:00 INFO  running '/Users/joonhohwangbo/Desktop/UCB-BAR/coding/blif-parser/emulator/.metals/millw --mill-version 0.11.7 --import ivy:com.lihaoyi::mill-contrib-bloop: mill.contrib.Bloop/install'[0m
2024.08.05 10:58:01 INFO  [build.sc] [1/53] scriptSources [0m
2024.08.05 10:58:01 INFO  [build.sc] [2/53] parseBuildFiles [0m
2024.08.05 10:58:01 INFO  [build.sc] [3/53] cliImports [0m
2024.08.05 10:58:01 INFO  [build.sc] [7/53] ivyDeps [0m
2024.08.05 10:58:01 INFO  [build.sc] [13/53] resolvedRunIvyDeps [0m
2024.08.05 10:58:01 INFO  [build.sc] [15/53] compileResources [0m
2024.08.05 10:58:01 INFO  [build.sc] [16/53] enclosingClasspath [0m
2024.08.05 10:58:01 INFO  [build.sc] [17/53] lineNumberPluginClasspath [0m
2024.08.05 10:58:01 INFO  [build.sc] [20/53] resources.super.mill.scalalib.JavaModule.resources [0m
2024.08.05 10:58:01 INFO  [build.sc] [21/53] resources [0m
2024.08.05 10:58:01 INFO  [build.sc] [23/53] mill.scalalib.ZincWorkerModule.zincLogDebug [0m
2024.08.05 10:58:01 INFO  [build.sc] [26/53] sources.super.mill.scalalib.JavaModule.sources [0m
2024.08.05 10:58:01 INFO  [build.sc] [27/53] sources [0m
2024.08.05 10:58:01 INFO  [build.sc] [28/53] generateScriptSources [0m
2024.08.05 10:58:01 INFO  [build.sc] [29/53] generatedSources [0m
2024.08.05 10:58:01 INFO  [build.sc] [30/53] allSources [0m
2024.08.05 10:58:01 INFO  [build.sc] [31/53] allSourceFiles [0m
2024.08.05 10:58:01 INFO  [build.sc] [34/53] resolvedIvyDeps [0m
2024.08.05 10:58:01 INFO  [build.sc] [40/53] enablePluginScalacOptions.super.mill.scalalib.ScalaModule.enablePluginScalacOptions [0m
2024.08.05 10:58:01 INFO  [build.sc] [44/53] scalaCompilerClasspath [0m
2024.08.05 10:58:01 INFO  [build.sc] [45/53] scalacPluginClasspath.super.mill.scalalib.ScalaModule.scalacPluginClasspath [0m
2024.08.05 10:58:01 INFO  [build.sc] [47/53] zincReportCachedProblems [0m
2024.08.05 10:58:01 INFO  [build.sc] [49/53] compile [0m
2024.08.05 10:58:01 INFO  [info] compiling 1 Scala source to /Users/joonhohwangbo/Desktop/UCB-BAR/coding/blif-parser/emulator/out/mill-build/compile.dest/classes ...[0m
2024.08.05 10:58:01 INFO  [error] /Users/joonhohwangbo/Desktop/UCB-BAR/coding/blif-parser/emulator/build.sc:25:23: not found: type SbtModuleTests[0m
2024.08.05 10:58:01 INFO  [error]   object test extends SbtModuleTests with TestModule.ScalaTest {[0m
2024.08.05 10:58:01 INFO  [error]                       ^[0m
2024.08.05 10:58:01 INFO  [error] /Users/joonhohwangbo/Desktop/UCB-BAR/coding/blif-parser/emulator/build.sc:26:28: not found: value m[0m
2024.08.05 10:58:01 INFO  [error]     override def ivyDeps = m.ivyDeps() ++ Agg([0m
2024.08.05 10:58:01 INFO  [error]                            ^[0m
2024.08.05 10:58:01 INFO  [error] two errors found[0m
2024.08.05 10:58:01 INFO  1 targets failed[0m
2024.08.05 10:58:01 INFO  compile Compilation failed[0m
2024.08.05 10:58:01 INFO  time: ran 'mill bloopInstall' in 1s[0m
2024.08.05 10:58:01 ERROR Mill command failed: /Users/joonhohwangbo/Desktop/UCB-BAR/coding/blif-parser/emulator/.metals/millw --mill-version 0.11.7 --import ivy:com.lihaoyi::mill-contrib-bloop: mill.contrib.Bloop/install[0m
2024.08.05 10:59:05 WARN  no build target for: /Users/joonhohwangbo/Desktop/UCB-BAR/coding/blif-parser/emulator/build.sc[0m
2024.08.05 10:59:35 WARN  no build target for: /Users/joonhohwangbo/Desktop/UCB-BAR/coding/blif-parser/emulator/build.sc[0m
2024.08.05 10:59:35 INFO  skipping build import with status 'Dismissed'[0m
2024.08.05 11:00:14 WARN  no build target for: /Users/joonhohwangbo/Desktop/UCB-BAR/coding/blif-parser/emulator/build.sc[0m
2024.08.05 11:00:14 INFO  skipping build import with status 'Dismissed'[0m
2024.08.05 11:00:36 WARN  no build target for: /Users/joonhohwangbo/Desktop/UCB-BAR/coding/blif-parser/emulator/src/main.scala[0m
2024.08.05 11:01:14 INFO  Started: Metals version 0.11.11 in workspace '/Users/joonhohwangbo/Desktop/UCB-BAR/coding/blif-parser/emulator' for client Neovim 0.10.1.[0m
SLF4J: No SLF4J providers were found.
SLF4J: Defaulting to no-operation (NOP) logger implementation
SLF4J: See https://www.slf4j.org/codes.html#noProviders for further details.
SLF4J: Class path contains SLF4J bindings targeting slf4j-api versions 1.7.x or earlier.
SLF4J: Ignoring binding found at [jar:file:/Users/joonhohwangbo/Library/Caches/Coursier/v1/https/repo1.maven.org/maven2/com/outr/scribe-slf4j_2.13/3.11.0/scribe-slf4j_2.13-3.11.0.jar!/org/slf4j/impl/StaticLoggerBinder.class]
SLF4J: See https://www.slf4j.org/codes.html#ignoredBindings for an explanation.
2024.08.05 11:01:14 INFO  time: initialize in 0.17s[0m
2024.08.05 11:01:14 WARN  Build server is not auto-connectable.[0m
2024.08.05 11:01:14 INFO  Selected port 5032[0m
2024.08.05 11:01:14 WARN  no build target for: /Users/joonhohwangbo/Desktop/UCB-BAR/coding/blif-parser/emulator/src/processor.scala[0m
Aug 05, 2024 11:01:14 AM io.undertow.Undertow start
INFO: starting server: Undertow - 2.2.20.Final
Aug 05, 2024 11:01:14 AM org.xnio.Xnio <clinit>
INFO: XNIO version 3.8.8.Final
Aug 05, 2024 11:01:14 AM org.xnio.nio.NioXnio <clinit>
INFO: XNIO NIO Implementation Version 3.8.8.Final
Aug 05, 2024 11:01:14 AM org.jboss.threads.Version <clinit>
INFO: JBoss Threads version 3.1.0.Final
2024.08.05 11:01:14 INFO  Started Metals http server at http://127.0.0.1:5032[0m
2024.08.05 11:01:15 INFO  no build target found for /Users/joonhohwangbo/Desktop/UCB-BAR/coding/blif-parser/emulator/src/processor.scala. Using presentation compiler with project's scala-library version: 3.2.2[0m
2024.08.05 11:01:16 WARN  no build target for: /Users/joonhohwangbo/Desktop/UCB-BAR/coding/blif-parser/emulator/src/processor.scala[0m
2024.08.05 11:01:21 WARN  no build target for: /Users/joonhohwangbo/Desktop/UCB-BAR/coding/blif-parser/emulator/src/processor.scala[0m
2024.08.05 11:01:22 INFO  Shutting down server[0m
2024.08.05 11:01:22 INFO  shutting down Metals[0m
Aug 05, 2024 11:01:22 AM io.undertow.Undertow stop
INFO: stopping server: Undertow - 2.2.20.Final
2024.08.05 11:01:28 INFO  Started: Metals version 0.11.11 in workspace '/Users/joonhohwangbo/Desktop/UCB-BAR/coding/blif-parser/emulator' for client Neovim 0.10.1.[0m
SLF4J: No SLF4J providers were found.
SLF4J: Defaulting to no-operation (NOP) logger implementation
SLF4J: See https://www.slf4j.org/codes.html#noProviders for further details.
SLF4J: Class path contains SLF4J bindings targeting slf4j-api versions 1.7.x or earlier.
SLF4J: Ignoring binding found at [jar:file:/Users/joonhohwangbo/Library/Caches/Coursier/v1/https/repo1.maven.org/maven2/com/outr/scribe-slf4j_2.13/3.11.0/scribe-slf4j_2.13-3.11.0.jar!/org/slf4j/impl/StaticLoggerBinder.class]
SLF4J: See https://www.slf4j.org/codes.html#ignoredBindings for an explanation.
2024.08.05 11:01:28 INFO  time: initialize in 0.23s[0m
2024.08.05 11:01:28 WARN  Build server is not auto-connectable.[0m
2024.08.05 11:01:28 INFO  Selected port 5032[0m
2024.08.05 11:01:28 WARN  no build target for: /Users/joonhohwangbo/Desktop/UCB-BAR/coding/blif-parser/emulator/src/main.scala[0m
Aug 05, 2024 11:01:28 AM io.undertow.Undertow start
INFO: starting server: Undertow - 2.2.20.Final
Aug 05, 2024 11:01:28 AM org.xnio.Xnio <clinit>
INFO: XNIO version 3.8.8.Final
2024.08.05 11:01:28 INFO  skipping build import with status 'Dismissed'[0m
Aug 05, 2024 11:01:28 AM org.xnio.nio.NioXnio <clinit>
INFO: XNIO NIO Implementation Version 3.8.8.Final
Aug 05, 2024 11:01:28 AM org.jboss.threads.Version <clinit>
INFO: JBoss Threads version 3.1.0.Final
2024.08.05 11:01:28 INFO  Started Metals http server at http://127.0.0.1:5032[0m
2024.08.05 11:01:30 INFO  no build target found for /Users/joonhohwangbo/Desktop/UCB-BAR/coding/blif-parser/emulator/src/main.scala. Using presentation compiler with project's scala-library version: 3.2.2[0m
2024.08.05 11:01:33 INFO  Shutting down server[0m
2024.08.05 11:01:33 INFO  shutting down Metals[0m
Aug 05, 2024 11:01:33 AM io.undertow.Undertow stop
INFO: stopping server: Undertow - 2.2.20.Final
2024.08.05 11:01:33 INFO  Exiting server[0m
2024.08.05 11:01:44 WARN  no build target for: /Users/joonhohwangbo/Desktop/UCB-BAR/coding/blif-parser/emulator/src/processor.scala[0m
2024.08.05 11:01:54 WARN  no build target for: /Users/joonhohwangbo/Desktop/UCB-BAR/coding/blif-parser/emulator/src/processor.scala[0m
2024.08.05 11:01:55 WARN  no build target for: /Users/joonhohwangbo/Desktop/UCB-BAR/coding/blif-parser/emulator/src/processor.scala[0m
2024.08.05 11:02:00 WARN  no build target for: /Users/joonhohwangbo/Desktop/UCB-BAR/coding/blif-parser/emulator/src/processor.scala[0m
2024.08.05 11:02:11 WARN  no build target for: /Users/joonhohwangbo/Desktop/UCB-BAR/coding/blif-parser/emulator/src/processor.scala[0m
2024.08.05 11:02:26 WARN  no build target for: /Users/joonhohwangbo/Desktop/UCB-BAR/coding/blif-parser/emulator/src/processor.scala[0m
2024.08.05 11:02:33 WARN  no build target for: /Users/joonhohwangbo/Desktop/UCB-BAR/coding/blif-parser/emulator/src/processor.scala[0m
2024.08.05 11:02:36 WARN  no build target for: /Users/joonhohwangbo/Desktop/UCB-BAR/coding/blif-parser/emulator/src/processor.scala[0m
2024.08.05 11:03:08 WARN  no build target for: /Users/joonhohwangbo/Desktop/UCB-BAR/coding/blif-parser/emulator/src/main.scala[0m
2024.08.05 11:04:17 WARN  no build target for: /Users/joonhohwangbo/Desktop/UCB-BAR/coding/blif-parser/emulator/src/main.scala[0m
2024.08.05 11:04:21 WARN  no build target for: /Users/joonhohwangbo/Desktop/UCB-BAR/coding/blif-parser/emulator/src/main.scala[0m
2024.08.05 11:04:29 WARN  no build target for: /Users/joonhohwangbo/Desktop/UCB-BAR/coding/blif-parser/emulator/src/main.scala[0m
2024.08.05 11:04:32 WARN  no build target for: /Users/joonhohwangbo/Desktop/UCB-BAR/coding/blif-parser/emulator/src/main.scala[0m
2024.08.05 11:05:01 WARN  no build target for: /Users/joonhohwangbo/Desktop/UCB-BAR/coding/blif-parser/emulator/src/main.scala[0m
2024.08.05 11:05:16 WARN  no build target for: /Users/joonhohwangbo/Desktop/UCB-BAR/coding/blif-parser/emulator/src/main.scala[0m
